{"component":"main","level":"info","msg":"Logger initialized successfully","time":"2025-08-31T12:26:02.633+02:00"}
{"component":"main","level":"info","msg":"Testing main logger - Info level","time":"2025-08-31T12:26:02.633+02:00"}
{"component":"main","level":"warning","msg":"Testing main logger - Warning level","time":"2025-08-31T12:26:02.633+02:00"}
{"component":"discord_bot","level":"info","msg":"Testing Discord bot logger","time":"2025-08-31T12:26:02.633+02:00"}
{"component":"qbittorrent","level":"info","msg":"Testing qBittorrent logger","time":"2025-08-31T12:26:02.633+02:00"}
{"component":"cli","level":"info","msg":"Testing CLI logger","time":"2025-08-31T12:26:02.633+02:00"}
{"component":"seeding_manager","level":"info","msg":"Testing seeding manager logger","time":"2025-08-31T12:26:02.633+02:00"}
{"component":"main","level":"info","msg":"Testing structured logging with multiple fields","test_field_1":"value1","test_field_2":42,"test_field_3":true,"time":"2025-08-31T12:26:02.633+02:00"}
{"component":"main","error":"this is a test error","level":"error","msg":"Testing error logging","time":"2025-08-31T12:26:02.633+02:00"}
{"args":["arg1","arg2"],"command":"test-command","component":"cli","level":"info","msg":"CLI command executed","time":"2025-08-31T12:26:02.633+02:00","user":"test-user"}
{"action":"torrent_added","category":"movies","component":"qbittorrent","level":"info","magnet_uri":"magnet:?xt=urn:btih:...st+Torrent","msg":"Torrent added successfully","save_path":"/downloads/movies","time":"2025-08-31T12:26:02.633+02:00"}
{"action":"torrent_completed","component":"qbittorrent","download_duration":"5m30s","level":"info","msg":"Torrent download completed","time":"2025-08-31T12:26:02.633+02:00","torrent_hash":"1234567890abcdef","torrent_name":"Test Torrent"}
{"command":"torrents","component":"discord_bot","guild_id":"987654321","level":"info","msg":"Discord command executed","options":{"filter":"downloading"},"time":"2025-08-31T12:26:02.633+02:00","user_id":"123456789"}
{"component":"main","level":"info","msg":"This should always show (INFO level)","time":"2025-08-31T12:26:02.633+02:00"}
{"component":"main","level":"warning","msg":"This should show (WARN level)","time":"2025-08-31T12:26:02.633+02:00"}
{"component":"main","level":"info","msg":"Log level changed to: debug","time":"2025-08-31T12:26:02.633+02:00"}
{"component":"main","level":"debug","msg":"This debug message should now be visible","time":"2025-08-31T12:26:02.633+02:00"}
{"component":"main","level":"info","msg":"Log level changed to: info","time":"2025-08-31T12:26:02.633+02:00"}
{"component":"main","level":"info","msg":"Shutting down logging system","time":"2025-08-31T12:26:02.734+02:00"}
{"component":"main","level":"info","msg":"Logger initialized successfully","time":"2025-08-31T12:39:02.784+02:00"}
{"auth_session_ttl":3600000000000,"cleanup_interval":600000000000,"component":"cache","disk_space_ttl":300000000000,"level":"info","max_items":1000,"msg":"Cache manager initialized successfully","time":"2025-08-31T12:39:02.784+02:00"}
{"component":"cache","deletes":0,"evictions":0,"hit_ratio":"80.00%","hits":4,"item_count":3,"level":"info","misses":1,"msg":"Cache statistics","sets":3,"time":"2025-08-31T12:39:02.784+02:00","uptime":"99.266µs"}
{"component":"cache","deletes":1,"evictions":1,"hit_ratio":"71.43%","hits":5,"item_count":3,"level":"info","misses":2,"msg":"Cache statistics","sets":4,"time":"2025-08-31T12:39:04.786+02:00","uptime":"2.001725415s"}
{"component":"cache","level":"info","msg":"Shutting down cache manager","time":"2025-08-31T12:39:04.786+02:00"}
{"component":"cache","deletes":1,"evictions":1,"hit_ratio":"71.43%","hits":5,"item_count":3,"level":"info","misses":2,"msg":"Cache statistics","sets":4,"time":"2025-08-31T12:39:04.786+02:00","uptime":"2.001979256s"}
{"component":"cache","level":"info","msg":"Cache statistics reset","time":"2025-08-31T12:39:04.786+02:00"}
{"component":"cache","level":"info","msg":"Cache cleared","time":"2025-08-31T12:39:04.786+02:00"}
